<?xml version="1.0" encoding="UTF-8"?>
<testng-results skipped="0" failed="1" total="3" passed="2">
  <reporter-output>
  </reporter-output>
  <suite name="Vishal_DLP_Refactoring.xml" duration-ms="47" started-at="2018-08-07T10:41:21Z" finished-at="2018-08-07T10:41:21Z">
    <groups>
    </groups>
    <test name="Vishal_DLP_Refactoring.xml_DLR_Refactoring.xml" duration-ms="47" started-at="2018-08-07T10:41:21Z" finished-at="2018-08-07T10:41:21Z">
      <class name="sample.TestScript2">
        <test-method status="PASS" signature="beforeTest()" name="beforeTest" is-config="true" duration-ms="17" started-at="2018-08-07T10:41:21Z" finished-at="2018-08-07T10:41:21Z">
        </test-method>
        <test-method status="PASS" signature="f()" name="f" duration-ms="3" started-at="2018-08-07T10:41:21Z" finished-at="2018-08-07T10:41:21Z">
        </test-method>
        <test-method status="PASS" signature="afterTest()" name="afterTest" is-config="true" duration-ms="1" started-at="2018-08-07T10:41:21Z" finished-at="2018-08-07T10:41:21Z">
        </test-method>
      </class>
      <class name="example.TestScript1">
        <test-method status="FAIL" signature="f()" name="f" duration-ms="4" started-at="2018-08-07T10:41:21Z" finished-at="2018-08-07T10:41:21Z">
          <exception class="java.lang.AssertionError">
            <full-stacktrace>
              <![CDATA[java.lang.AssertionError
	at example.TestScript1.f(TestScript1.java:10)
	at sun.reflect.NativeMethodAccessorImpl.invoke0(Native Method)
	at sun.reflect.NativeMethodAccessorImpl.invoke(NativeMethodAccessorImpl.java:62)
	at sun.reflect.DelegatingMethodAccessorImpl.invoke(DelegatingMethodAccessorImpl.java:43)
	at java.lang.reflect.Method.invoke(Method.java:498)
	at org.testng.internal.MethodInvocationHelper.invokeMethod(MethodInvocationHelper.java:80)
	at org.testng.internal.Invoker.invokeMethod(Invoker.java:673)
	at org.testng.internal.Invoker.invokeTestMethod(Invoker.java:842)
	at org.testng.internal.Invoker.invokeTestMethods(Invoker.java:1166)
	at org.testng.internal.TestMethodWorker.invokeTestMethods(TestMethodWorker.java:125)
	at org.testng.internal.TestMethodWorker.run(TestMethodWorker.java:109)
	at java.util.concurrent.ThreadPoolExecutor.runWorker(ThreadPoolExecutor.java:1149)
	at java.util.concurrent.ThreadPoolExecutor$Worker.run(ThreadPoolExecutor.java:624)
	at java.lang.Thread.run(Thread.java:748)
]]>
            </full-stacktrace>
          </exception>
        </test-method>
        <test-method status="PASS" signature="p()" name="p" duration-ms="2" started-at="2018-08-07T10:41:21Z" finished-at="2018-08-07T10:41:21Z">
        </test-method>
      </class>
    </test>
  </suite>
</testng-results>
